d:\devl\github\dbj_laboratorium\dbj++clib\x64\debug\dbj++clib.pdb
d:\devl\github\dbj_laboratorium\dbj++clib\x64\debug\dbj++clib.idb
d:\devl\github\dbj_laboratorium\dbj++clib\x64\debug\dbj_list_test.obj
d:\devl\github\dbj_laboratorium\dbj++clib\x64\debug\dbj_list.obj
d:\devl\github\dbj_laboratorium\dbj++clib\x64\debug\dbj_string_trim_test.obj
d:\devl\github\dbj_laboratorium\dbj++clib\x64\debug\dbj_string_trim.obj
d:\devl\github\dbj_laboratorium\dbj++clib\x64\debug\dbj_sll.obj
d:\devl\github\dbj_laboratorium\dbj++clib\x64\debug\dbj_error_internal.obj
d:\devl\github\dbj_laboratorium\dbj++clib\x64\debug\dbj_error_codes.obj
d:\devl\github\dbj_laboratorium\dbj++clib\x64\debug\dbj_error.obj
d:\devl\github\dbj_laboratorium\dbj++clib\x64\debug\dbj_ctime_rnd.obj
d:\devl\github\dbj_laboratorium\dbj++clib\x64\debug\dbjclib.obj
d:\devl\github\dbj_laboratorium\x64\debug\dbj++clib.lib
d:\devl\github\dbj_laboratorium\x64\debug\dbj++clib.pdb
d:\devl\github\dbj_laboratorium\dbj++clib\x64\debug\dbj++clib.tlog\cl.command.1.tlog
d:\devl\github\dbj_laboratorium\dbj++clib\x64\debug\dbj++clib.tlog\cl.read.1.tlog
d:\devl\github\dbj_laboratorium\dbj++clib\x64\debug\dbj++clib.tlog\cl.write.1.tlog
d:\devl\github\dbj_laboratorium\dbj++clib\x64\debug\dbj++clib.tlog\lib-link.read.1.tlog
d:\devl\github\dbj_laboratorium\dbj++clib\x64\debug\dbj++clib.tlog\lib-link.write.1.tlog
d:\devl\github\dbj_laboratorium\dbj++clib\x64\debug\dbj++clib.tlog\lib.command.1.tlog
